2566-05-16 03:34:35.825  INFO 60008 --- [restartedMain] JAITUNGMA.product.ProductApplication     : Starting ProductApplication using Java 18.0.1.1 on DESKTOP-H0F3CHN with PID 60008 (C:\Users\MSI GL63 GAMING\Desktop\product\target\classes started by MSI GL63 GAMING in C:\Users\MSI GL63 GAMING\Desktop\product)
2566-05-16 03:34:35.835  INFO 60008 --- [restartedMain] JAITUNGMA.product.ProductApplication     : No active profile set, falling back to 1 default profile: "default"
2566-05-16 03:34:35.943  INFO 60008 --- [restartedMain] .e.DevToolsPropertyDefaultsPostProcessor : Devtools property defaults active! Set 'spring.devtools.add-properties' to 'false' to disable
2566-05-16 03:34:35.944  INFO 60008 --- [restartedMain] .e.DevToolsPropertyDefaultsPostProcessor : For additional web related logging consider setting the 'logging.level.web' property to 'DEBUG'
2566-05-16 03:34:37.465  INFO 60008 --- [restartedMain] .s.d.r.c.RepositoryConfigurationDelegate : Bootstrapping Spring Data JPA repositories in DEFAULT mode.
2566-05-16 03:34:37.552  INFO 60008 --- [restartedMain] .s.d.r.c.RepositoryConfigurationDelegate : Finished Spring Data repository scanning in 71 ms. Found 2 JPA repository interfaces.
2566-05-16 03:34:38.713  INFO 60008 --- [restartedMain] o.s.b.w.embedded.tomcat.TomcatWebServer  : Tomcat initialized with port(s): 8090 (http)
2566-05-16 03:34:38.859  INFO 60008 --- [restartedMain] w.s.c.ServletWebServerApplicationContext : Root WebApplicationContext: initialization completed in 2914 ms
2566-05-16 03:34:38.910  INFO 60008 --- [restartedMain] com.zaxxer.hikari.HikariDataSource       : HikariPool-1 - Starting...
2566-05-16 03:34:39.174  INFO 60008 --- [restartedMain] com.zaxxer.hikari.HikariDataSource       : HikariPool-1 - Start completed.
2566-05-16 03:34:39.184  INFO 60008 --- [restartedMain] o.s.b.a.h2.H2ConsoleAutoConfiguration    : H2 console available at '/h2-console'. Database available at 'jdbc:h2:mem:product'
2566-05-16 03:34:39.349  WARN 60008 --- [restartedMain] JpaBaseConfiguration$JpaWebConfiguration : spring.jpa.open-in-view is enabled by default. Therefore, database queries may be performed during view rendering. Explicitly configure spring.jpa.open-in-view to disable this warning
2566-05-16 03:34:39.461  INFO 60008 --- [restartedMain] o.hibernate.jpa.internal.util.LogHelper  : HHH000204: Processing PersistenceUnitInfo [name: default]
2566-05-16 03:34:39.570  INFO 60008 --- [restartedMain] org.hibernate.Version                    : HHH000412: Hibernate ORM core version 5.6.8.Final
2566-05-16 03:34:39.879  INFO 60008 --- [restartedMain] o.hibernate.annotations.common.Version   : HCANN000001: Hibernate Commons Annotations {5.1.2.Final}
2566-05-16 03:34:40.045  INFO 60008 --- [restartedMain] org.hibernate.dialect.Dialect            : HHH000400: Using dialect: org.hibernate.dialect.H2Dialect
2566-05-16 03:34:40.926  INFO 60008 --- [restartedMain] o.h.e.t.j.p.i.JtaPlatformInitiator       : HHH000490: Using JtaPlatform implementation: [org.hibernate.engine.transaction.jta.platform.internal.NoJtaPlatform]
2566-05-16 03:34:40.934  INFO 60008 --- [restartedMain] j.LocalContainerEntityManagerFactoryBean : Initialized JPA EntityManagerFactory for persistence unit 'default'
2566-05-16 03:34:41.795  WARN 60008 --- [restartedMain] o.s.s.c.a.web.builders.WebSecurity       : You are asking Spring Security to ignore Ant [pattern='/h2-console/**']. This is not recommended -- please use permitAll via HttpSecurity#authorizeHttpRequests instead.
2566-05-16 03:34:41.796  INFO 60008 --- [restartedMain] o.s.s.web.DefaultSecurityFilterChain     : Will not secure Ant [pattern='/h2-console/**']
2566-05-16 03:34:41.862  INFO 60008 --- [restartedMain] o.s.s.web.DefaultSecurityFilterChain     : Will secure any request with [org.springframework.security.web.context.request.async.WebAsyncManagerIntegrationFilter@282f6c1d, org.springframework.security.web.context.SecurityContextPersistenceFilter@42d864c8, org.springframework.security.web.header.HeaderWriterFilter@34540e18, org.springframework.security.web.authentication.logout.LogoutFilter@203d9ccc, org.springframework.security.oauth2.client.web.OAuth2AuthorizationRequestRedirectFilter@3051c2ae, org.springframework.security.oauth2.client.web.OAuth2LoginAuthenticationFilter@5ec55575, org.springframework.security.web.authentication.UsernamePasswordAuthenticationFilter@7cd3225, org.springframework.security.web.savedrequest.RequestCacheAwareFilter@3f868032, org.springframework.security.web.servletapi.SecurityContextHolderAwareRequestFilter@5dc5df95, org.springframework.security.web.authentication.AnonymousAuthenticationFilter@3a4d8d5c, JAITUNGMA.product.config.filter.CorsFilter@21d02206, org.springframework.security.web.session.SessionManagementFilter@28ae747d, org.springframework.security.web.access.ExceptionTranslationFilter@2000b351, org.springframework.security.web.access.intercept.FilterSecurityInterceptor@526f908e]
2566-05-16 03:34:42.340  INFO 60008 --- [restartedMain] o.s.b.d.a.OptionalLiveReloadServer       : LiveReload server is running on port 35729
2566-05-16 03:34:42.376  INFO 60008 --- [restartedMain] o.s.b.w.embedded.tomcat.TomcatWebServer  : Tomcat started on port(s): 8090 (http) with context path ''
2566-05-16 03:34:42.388  INFO 60008 --- [restartedMain] JAITUNGMA.product.ProductApplication     : Started ProductApplication in 7.253 seconds (JVM running for 8.892)
2566-05-16 03:34:42.412  INFO 60008 --- [SpringApplicationShutdownHook] j.LocalContainerEntityManagerFactoryBean : Closing JPA EntityManagerFactory for persistence unit 'default'
2566-05-16 03:34:42.620  WARN 60008 --- [SpringApplicationShutdownHook] o.s.b.f.support.DisposableBeanAdapter    : Invocation of destroy method failed on bean with name 'inMemoryDatabaseShutdownExecutor': org.h2.jdbc.JdbcSQLNonTransientConnectionException: Database is already closed (to disable automatic closing at VM shutdown, add ";DB_CLOSE_ON_EXIT=FALSE" to the db URL) [90121-200]
2566-05-16 03:34:42.621  INFO 60008 --- [SpringApplicationShutdownHook] com.zaxxer.hikari.HikariDataSource       : HikariPool-1 - Shutdown initiated...
2566-05-16 03:34:42.623  INFO 60008 --- [SpringApplicationShutdownHook] com.zaxxer.hikari.HikariDataSource       : HikariPool-1 - Shutdown completed.
2566-05-16 03:34:50.086  INFO 48476 --- [restartedMain] JAITUNGMA.product.ProductApplication     : Starting ProductApplication using Java 18.0.1.1 on DESKTOP-H0F3CHN with PID 48476 (C:\Users\MSI GL63 GAMING\Desktop\product\target\classes started by MSI GL63 GAMING in C:\Users\MSI GL63 GAMING\Desktop\product)
2566-05-16 03:34:50.087  INFO 48476 --- [restartedMain] JAITUNGMA.product.ProductApplication     : No active profile set, falling back to 1 default profile: "default"
2566-05-16 03:34:50.152  INFO 48476 --- [restartedMain] .e.DevToolsPropertyDefaultsPostProcessor : Devtools property defaults active! Set 'spring.devtools.add-properties' to 'false' to disable
2566-05-16 03:34:50.152  INFO 48476 --- [restartedMain] .e.DevToolsPropertyDefaultsPostProcessor : For additional web related logging consider setting the 'logging.level.web' property to 'DEBUG'
2566-05-16 03:34:51.085  INFO 48476 --- [restartedMain] .s.d.r.c.RepositoryConfigurationDelegate : Bootstrapping Spring Data JPA repositories in DEFAULT mode.
2566-05-16 03:34:51.143  INFO 48476 --- [restartedMain] .s.d.r.c.RepositoryConfigurationDelegate : Finished Spring Data repository scanning in 49 ms. Found 2 JPA repository interfaces.
2566-05-16 03:34:51.889  INFO 48476 --- [restartedMain] o.s.b.w.embedded.tomcat.TomcatWebServer  : Tomcat initialized with port(s): 8090 (http)
2566-05-16 03:34:51.897  INFO 48476 --- [restartedMain] o.apache.catalina.core.StandardService   : Starting service [Tomcat]
2566-05-16 03:34:51.897  INFO 48476 --- [restartedMain] org.apache.catalina.core.StandardEngine  : Starting Servlet engine: [Apache Tomcat/9.0.62]
2566-05-16 03:34:51.969  INFO 48476 --- [restartedMain] o.a.c.c.C.[Tomcat].[localhost].[/]       : Initializing Spring embedded WebApplicationContext
2566-05-16 03:34:51.969  INFO 48476 --- [restartedMain] w.s.c.ServletWebServerApplicationContext : Root WebApplicationContext: initialization completed in 1816 ms
2566-05-16 03:34:52.003  INFO 48476 --- [restartedMain] com.zaxxer.hikari.HikariDataSource       : HikariPool-1 - Starting...
2566-05-16 03:34:52.154  INFO 48476 --- [restartedMain] com.zaxxer.hikari.HikariDataSource       : HikariPool-1 - Start completed.
2566-05-16 03:34:52.163  INFO 48476 --- [restartedMain] o.s.b.a.h2.H2ConsoleAutoConfiguration    : H2 console available at '/h2-console'. Database available at 'jdbc:h2:mem:product'
2566-05-16 03:34:52.283  WARN 48476 --- [restartedMain] JpaBaseConfiguration$JpaWebConfiguration : spring.jpa.open-in-view is enabled by default. Therefore, database queries may be performed during view rendering. Explicitly configure spring.jpa.open-in-view to disable this warning
2566-05-16 03:34:52.349  INFO 48476 --- [restartedMain] o.hibernate.jpa.internal.util.LogHelper  : HHH000204: Processing PersistenceUnitInfo [name: default]
2566-05-16 03:34:52.406  INFO 48476 --- [restartedMain] org.hibernate.Version                    : HHH000412: Hibernate ORM core version 5.6.8.Final
2566-05-16 03:34:52.544  INFO 48476 --- [restartedMain] o.hibernate.annotations.common.Version   : HCANN000001: Hibernate Commons Annotations {5.1.2.Final}
2566-05-16 03:34:52.645  INFO 48476 --- [restartedMain] org.hibernate.dialect.Dialect            : HHH000400: Using dialect: org.hibernate.dialect.H2Dialect
2566-05-16 03:34:53.278  INFO 48476 --- [restartedMain] o.h.e.t.j.p.i.JtaPlatformInitiator       : HHH000490: Using JtaPlatform implementation: [org.hibernate.engine.transaction.jta.platform.internal.NoJtaPlatform]
2566-05-16 03:34:53.285  INFO 48476 --- [restartedMain] j.LocalContainerEntityManagerFactoryBean : Initialized JPA EntityManagerFactory for persistence unit 'default'
2566-05-16 03:34:53.953  WARN 48476 --- [restartedMain] o.s.s.c.a.web.builders.WebSecurity       : You are asking Spring Security to ignore Ant [pattern='/h2-console/**']. This is not recommended -- please use permitAll via HttpSecurity#authorizeHttpRequests instead.
2566-05-16 03:34:53.954  INFO 48476 --- [restartedMain] o.s.s.web.DefaultSecurityFilterChain     : Will not secure Ant [pattern='/h2-console/**']
2566-05-16 03:34:54.009  INFO 48476 --- [restartedMain] o.s.s.web.DefaultSecurityFilterChain     : Will secure any request with [org.springframework.security.web.context.request.async.WebAsyncManagerIntegrationFilter@3bad23a0, org.springframework.security.web.context.SecurityContextPersistenceFilter@1bc77fa, org.springframework.security.web.header.HeaderWriterFilter@4aaf6ec2, org.springframework.security.web.authentication.logout.LogoutFilter@29fdc534, org.springframework.security.oauth2.client.web.OAuth2AuthorizationRequestRedirectFilter@3da9fe5c, org.springframework.security.oauth2.client.web.OAuth2LoginAuthenticationFilter@7cd3225, org.springframework.security.web.authentication.UsernamePasswordAuthenticationFilter@3af0655a, org.springframework.security.web.savedrequest.RequestCacheAwareFilter@122dfc0f, org.springframework.security.web.servletapi.SecurityContextHolderAwareRequestFilter@43abb2b8, org.springframework.security.web.authentication.AnonymousAuthenticationFilter@1489abba, JAITUNGMA.product.config.filter.CorsFilter@7ecb3ff9, org.springframework.security.web.session.SessionManagementFilter@4d6783de, org.springframework.security.web.access.ExceptionTranslationFilter@6ae518f3, org.springframework.security.web.access.intercept.FilterSecurityInterceptor@41d6ff91]
2566-05-16 03:34:54.367  INFO 48476 --- [restartedMain] o.s.b.d.a.OptionalLiveReloadServer       : LiveReload server is running on port 35729
2566-05-16 03:34:54.412  INFO 48476 --- [restartedMain] o.s.b.w.embedded.tomcat.TomcatWebServer  : Tomcat started on port(s): 8090 (http) with context path ''
2566-05-16 03:34:54.424  INFO 48476 --- [restartedMain] JAITUNGMA.product.ProductApplication     : Started ProductApplication in 5.033 seconds (JVM running for 6.435)
2566-05-16 04:01:20.602  INFO 48476 --- [http-nio-8090-exec-1] o.a.c.c.C.[Tomcat].[localhost].[/]       : Initializing Spring DispatcherServlet 'dispatcherServlet'
2566-05-16 04:01:20.602  INFO 48476 --- [http-nio-8090-exec-1] o.s.web.servlet.DispatcherServlet        : Initializing Servlet 'dispatcherServlet'
2566-05-16 04:01:20.604  INFO 48476 --- [http-nio-8090-exec-1] o.s.web.servlet.DispatcherServlet        : Completed initialization in 1 ms
2566-05-16 04:06:11.280  INFO 48476 --- [SpringApplicationShutdownHook] j.LocalContainerEntityManagerFactoryBean : Closing JPA EntityManagerFactory for persistence unit 'default'
2566-05-16 04:06:11.400 ERROR 48476 --- [HikariPool-1 connection adder] com.zaxxer.hikari.pool.HikariPool        : HikariPool-1 - Error thrown while acquiring connection from data source

org.h2.jdbc.JdbcSQLNonTransientConnectionException: The database is open in exclusive mode; can not open additional connections [90135-200]
	at org.h2.message.DbException.getJdbcSQLException(DbException.java:622) ~[h2-1.4.200.jar:1.4.200]
	at org.h2.message.DbException.getJdbcSQLException(DbException.java:429) ~[h2-1.4.200.jar:1.4.200]
	at org.h2.message.DbException.get(DbException.java:205) ~[h2-1.4.200.jar:1.4.200]
	at org.h2.message.DbException.get(DbException.java:181) ~[h2-1.4.200.jar:1.4.200]
	at org.h2.message.DbException.get(DbException.java:170) ~[h2-1.4.200.jar:1.4.200]
	at org.h2.engine.Session.checkSuspended(Session.java:1369) ~[h2-1.4.200.jar:1.4.200]
	at org.h2.engine.Session.isOpen(Session.java:1303) ~[h2-1.4.200.jar:1.4.200]
	at org.h2.engine.Session.waitIfExclusiveModeEnabled(Session.java:1639) ~[h2-1.4.200.jar:1.4.200]
	at org.h2.command.Command.executeQuery(Command.java:186) ~[h2-1.4.200.jar:1.4.200]
	at org.h2.jdbc.JdbcConnection.isReadOnly(JdbcConnection.java:631) ~[h2-1.4.200.jar:1.4.200]
	at com.zaxxer.hikari.pool.PoolBase.setupConnection(PoolBase.java:408) ~[HikariCP-4.0.3.jar:na]
	at com.zaxxer.hikari.pool.PoolBase.newConnection(PoolBase.java:369) ~[HikariCP-4.0.3.jar:na]
	at com.zaxxer.hikari.pool.PoolBase.newPoolEntry(PoolBase.java:206) ~[HikariCP-4.0.3.jar:na]
	at com.zaxxer.hikari.pool.HikariPool.createPoolEntry(HikariPool.java:476) ~[HikariCP-4.0.3.jar:na]
	at com.zaxxer.hikari.pool.HikariPool.access$100(HikariPool.java:71) ~[HikariCP-4.0.3.jar:na]
	at com.zaxxer.hikari.pool.HikariPool$PoolEntryCreator.call(HikariPool.java:726) ~[HikariCP-4.0.3.jar:na]
	at com.zaxxer.hikari.pool.HikariPool$PoolEntryCreator.call(HikariPool.java:712) ~[HikariCP-4.0.3.jar:na]
	at java.base/java.util.concurrent.FutureTask.run(FutureTask.java:264) ~[na:na]
	at java.base/java.util.concurrent.ThreadPoolExecutor.runWorker(ThreadPoolExecutor.java:1136) ~[na:na]
	at java.base/java.util.concurrent.ThreadPoolExecutor$Worker.run(ThreadPoolExecutor.java:635) ~[na:na]
	at java.base/java.lang.Thread.run(Thread.java:833) ~[na:na]

2566-05-16 04:06:11.486  WARN 48476 --- [SpringApplicationShutdownHook] o.s.b.f.support.DisposableBeanAdapter    : Invocation of destroy method failed on bean with name 'inMemoryDatabaseShutdownExecutor': org.h2.jdbc.JdbcSQLNonTransientConnectionException: Database is already closed (to disable automatic closing at VM shutdown, add ";DB_CLOSE_ON_EXIT=FALSE" to the db URL) [90121-200]
2566-05-16 04:06:11.486  INFO 48476 --- [SpringApplicationShutdownHook] com.zaxxer.hikari.HikariDataSource       : HikariPool-1 - Shutdown initiated...
2566-05-16 04:06:11.656  INFO 48476 --- [SpringApplicationShutdownHook] com.zaxxer.hikari.HikariDataSource       : HikariPool-1 - Shutdown completed.
2566-05-16 04:06:15.088  INFO 56416 --- [restartedMain] JAITUNGMA.product.ProductApplication     : Starting ProductApplication using Java 18.0.1.1 on DESKTOP-H0F3CHN with PID 56416 (C:\Users\MSI GL63 GAMING\Desktop\product\target\classes started by MSI GL63 GAMING in C:\Users\MSI GL63 GAMING\Desktop\product)
2566-05-16 04:06:15.090  INFO 56416 --- [restartedMain] JAITUNGMA.product.ProductApplication     : No active profile set, falling back to 1 default profile: "default"
2566-05-16 04:06:15.168  INFO 56416 --- [restartedMain] .e.DevToolsPropertyDefaultsPostProcessor : Devtools property defaults active! Set 'spring.devtools.add-properties' to 'false' to disable
2566-05-16 04:06:15.168  INFO 56416 --- [restartedMain] .e.DevToolsPropertyDefaultsPostProcessor : For additional web related logging consider setting the 'logging.level.web' property to 'DEBUG'
2566-05-16 04:06:15.970  INFO 56416 --- [restartedMain] .s.d.r.c.RepositoryConfigurationDelegate : Bootstrapping Spring Data JPA repositories in DEFAULT mode.
2566-05-16 04:06:16.024  INFO 56416 --- [restartedMain] .s.d.r.c.RepositoryConfigurationDelegate : Finished Spring Data repository scanning in 46 ms. Found 2 JPA repository interfaces.
2566-05-16 04:06:16.861  INFO 56416 --- [restartedMain] o.s.b.w.embedded.tomcat.TomcatWebServer  : Tomcat initialized with port(s): 8090 (http)
2566-05-16 04:06:16.872  INFO 56416 --- [restartedMain] o.apache.catalina.core.StandardService   : Starting service [Tomcat]
2566-05-16 04:06:16.872  INFO 56416 --- [restartedMain] org.apache.catalina.core.StandardEngine  : Starting Servlet engine: [Apache Tomcat/9.0.62]
2566-05-16 04:06:16.966  INFO 56416 --- [restartedMain] o.a.c.c.C.[Tomcat].[localhost].[/]       : Initializing Spring embedded WebApplicationContext
2566-05-16 04:06:16.967  INFO 56416 --- [restartedMain] w.s.c.ServletWebServerApplicationContext : Root WebApplicationContext: initialization completed in 1798 ms
2566-05-16 04:06:17.021  INFO 56416 --- [restartedMain] com.zaxxer.hikari.HikariDataSource       : HikariPool-1 - Starting...
2566-05-16 04:06:17.217  INFO 56416 --- [restartedMain] com.zaxxer.hikari.HikariDataSource       : HikariPool-1 - Start completed.
2566-05-16 04:06:17.226  INFO 56416 --- [restartedMain] o.s.b.a.h2.H2ConsoleAutoConfiguration    : H2 console available at '/h2-console'. Database available at 'jdbc:h2:mem:product'
2566-05-16 04:06:17.339  WARN 56416 --- [restartedMain] JpaBaseConfiguration$JpaWebConfiguration : spring.jpa.open-in-view is enabled by default. Therefore, database queries may be performed during view rendering. Explicitly configure spring.jpa.open-in-view to disable this warning
2566-05-16 04:06:17.419  INFO 56416 --- [restartedMain] o.hibernate.jpa.internal.util.LogHelper  : HHH000204: Processing PersistenceUnitInfo [name: default]
2566-05-16 04:06:17.519  INFO 56416 --- [restartedMain] org.hibernate.Version                    : HHH000412: Hibernate ORM core version 5.6.8.Final
2566-05-16 04:06:17.719  INFO 56416 --- [restartedMain] o.hibernate.annotations.common.Version   : HCANN000001: Hibernate Commons Annotations {5.1.2.Final}
2566-05-16 04:06:17.850  INFO 56416 --- [restartedMain] org.hibernate.dialect.Dialect            : HHH000400: Using dialect: org.hibernate.dialect.H2Dialect
2566-05-16 04:06:18.495  INFO 56416 --- [restartedMain] o.h.e.t.j.p.i.JtaPlatformInitiator       : HHH000490: Using JtaPlatform implementation: [org.hibernate.engine.transaction.jta.platform.internal.NoJtaPlatform]
2566-05-16 04:06:18.501  INFO 56416 --- [restartedMain] j.LocalContainerEntityManagerFactoryBean : Initialized JPA EntityManagerFactory for persistence unit 'default'
2566-05-16 04:06:19.229  WARN 56416 --- [restartedMain] o.s.s.c.a.web.builders.WebSecurity       : You are asking Spring Security to ignore Ant [pattern='/h2-console/**']. This is not recommended -- please use permitAll via HttpSecurity#authorizeHttpRequests instead.
2566-05-16 04:06:19.230  INFO 56416 --- [restartedMain] o.s.s.web.DefaultSecurityFilterChain     : Will not secure Ant [pattern='/h2-console/**']
2566-05-16 04:06:19.293  INFO 56416 --- [restartedMain] o.s.s.web.DefaultSecurityFilterChain     : Will secure any request with [org.springframework.security.web.context.request.async.WebAsyncManagerIntegrationFilter@28de4a44, org.springframework.security.web.context.SecurityContextPersistenceFilter@2afca98e, org.springframework.security.web.header.HeaderWriterFilter@4065ce51, org.springframework.security.web.authentication.logout.LogoutFilter@797fb5a4, org.springframework.security.oauth2.client.web.OAuth2AuthorizationRequestRedirectFilter@98b0874, org.springframework.security.oauth2.client.web.OAuth2LoginAuthenticationFilter@7c80e9c, org.springframework.security.web.authentication.UsernamePasswordAuthenticationFilter@49860024, org.springframework.security.web.savedrequest.RequestCacheAwareFilter@54db4052, org.springframework.security.web.servletapi.SecurityContextHolderAwareRequestFilter@16426d86, org.springframework.security.web.authentication.AnonymousAuthenticationFilter@c95c78f, JAITUNGMA.product.config.filter.CorsFilter@4fa0b08d, org.springframework.security.web.session.SessionManagementFilter@3e32e78a, org.springframework.security.web.access.ExceptionTranslationFilter@2338cc1e, org.springframework.security.web.access.intercept.FilterSecurityInterceptor@7355ee05]
2566-05-16 04:06:19.694  INFO 56416 --- [restartedMain] o.s.b.d.a.OptionalLiveReloadServer       : LiveReload server is running on port 35729
2566-05-16 04:06:19.729  INFO 56416 --- [restartedMain] o.s.b.w.embedded.tomcat.TomcatWebServer  : Tomcat started on port(s): 8090 (http) with context path ''
2566-05-16 04:06:19.740  INFO 56416 --- [restartedMain] JAITUNGMA.product.ProductApplication     : Started ProductApplication in 5.177 seconds (JVM running for 6.03)
2566-05-16 04:06:24.270  INFO 56416 --- [http-nio-8090-exec-1] o.a.c.c.C.[Tomcat].[localhost].[/]       : Initializing Spring DispatcherServlet 'dispatcherServlet'
2566-05-16 04:06:24.270  INFO 56416 --- [http-nio-8090-exec-1] o.s.web.servlet.DispatcherServlet        : Initializing Servlet 'dispatcherServlet'
2566-05-16 04:06:24.271  INFO 56416 --- [http-nio-8090-exec-1] o.s.web.servlet.DispatcherServlet        : Completed initialization in 1 ms
2566-05-16 04:07:11.195  INFO 56416 --- [SpringApplicationShutdownHook] j.LocalContainerEntityManagerFactoryBean : Closing JPA EntityManagerFactory for persistence unit 'default'
2566-05-16 04:07:11.401  WARN 56416 --- [SpringApplicationShutdownHook] o.s.b.f.support.DisposableBeanAdapter    : Invocation of destroy method failed on bean with name 'inMemoryDatabaseShutdownExecutor': org.h2.jdbc.JdbcSQLNonTransientConnectionException: Database is already closed (to disable automatic closing at VM shutdown, add ";DB_CLOSE_ON_EXIT=FALSE" to the db URL) [90121-200]
2566-05-16 04:07:11.402  INFO 56416 --- [SpringApplicationShutdownHook] com.zaxxer.hikari.HikariDataSource       : HikariPool-1 - Shutdown initiated...
2566-05-16 04:07:11.465  INFO 56416 --- [SpringApplicationShutdownHook] com.zaxxer.hikari.HikariDataSource       : HikariPool-1 - Shutdown completed.
2566-05-16 04:07:15.440  INFO 1436 --- [restartedMain] JAITUNGMA.product.ProductApplication     : Starting ProductApplication using Java 18.0.1.1 on DESKTOP-H0F3CHN with PID 1436 (C:\Users\MSI GL63 GAMING\Desktop\product\target\classes started by MSI GL63 GAMING in C:\Users\MSI GL63 GAMING\Desktop\product)
2566-05-16 04:07:15.441  INFO 1436 --- [restartedMain] JAITUNGMA.product.ProductApplication     : No active profile set, falling back to 1 default profile: "default"
2566-05-16 04:07:15.491  INFO 1436 --- [restartedMain] .e.DevToolsPropertyDefaultsPostProcessor : Devtools property defaults active! Set 'spring.devtools.add-properties' to 'false' to disable
2566-05-16 04:07:15.491  INFO 1436 --- [restartedMain] .e.DevToolsPropertyDefaultsPostProcessor : For additional web related logging consider setting the 'logging.level.web' property to 'DEBUG'
2566-05-16 04:07:16.284  INFO 1436 --- [restartedMain] .s.d.r.c.RepositoryConfigurationDelegate : Bootstrapping Spring Data JPA repositories in DEFAULT mode.
2566-05-16 04:07:16.335  INFO 1436 --- [restartedMain] .s.d.r.c.RepositoryConfigurationDelegate : Finished Spring Data repository scanning in 44 ms. Found 2 JPA repository interfaces.
2566-05-16 04:07:17.211  INFO 1436 --- [restartedMain] o.s.b.w.embedded.tomcat.TomcatWebServer  : Tomcat initialized with port(s): 8090 (http)
2566-05-16 04:07:17.220  INFO 1436 --- [restartedMain] o.apache.catalina.core.StandardService   : Starting service [Tomcat]
2566-05-16 04:07:17.221  INFO 1436 --- [restartedMain] org.apache.catalina.core.StandardEngine  : Starting Servlet engine: [Apache Tomcat/9.0.62]
2566-05-16 04:07:17.298  INFO 1436 --- [restartedMain] o.a.c.c.C.[Tomcat].[localhost].[/]       : Initializing Spring embedded WebApplicationContext
2566-05-16 04:07:17.299  INFO 1436 --- [restartedMain] w.s.c.ServletWebServerApplicationContext : Root WebApplicationContext: initialization completed in 1807 ms
2566-05-16 04:07:17.336  INFO 1436 --- [restartedMain] com.zaxxer.hikari.HikariDataSource       : HikariPool-1 - Starting...
2566-05-16 04:07:17.520  INFO 1436 --- [restartedMain] com.zaxxer.hikari.HikariDataSource       : HikariPool-1 - Start completed.
2566-05-16 04:07:17.529  INFO 1436 --- [restartedMain] o.s.b.a.h2.H2ConsoleAutoConfiguration    : H2 console available at '/h2-console'. Database available at 'jdbc:h2:mem:product'
2566-05-16 04:07:17.655  WARN 1436 --- [restartedMain] JpaBaseConfiguration$JpaWebConfiguration : spring.jpa.open-in-view is enabled by default. Therefore, database queries may be performed during view rendering. Explicitly configure spring.jpa.open-in-view to disable this warning
2566-05-16 04:07:17.726  INFO 1436 --- [restartedMain] o.hibernate.jpa.internal.util.LogHelper  : HHH000204: Processing PersistenceUnitInfo [name: default]
2566-05-16 04:07:17.779  INFO 1436 --- [restartedMain] org.hibernate.Version                    : HHH000412: Hibernate ORM core version 5.6.8.Final
2566-05-16 04:07:17.924  INFO 1436 --- [restartedMain] o.hibernate.annotations.common.Version   : HCANN000001: Hibernate Commons Annotations {5.1.2.Final}
2566-05-16 04:07:18.040  INFO 1436 --- [restartedMain] org.hibernate.dialect.Dialect            : HHH000400: Using dialect: org.hibernate.dialect.H2Dialect
2566-05-16 04:07:18.663  INFO 1436 --- [restartedMain] o.h.e.t.j.p.i.JtaPlatformInitiator       : HHH000490: Using JtaPlatform implementation: [org.hibernate.engine.transaction.jta.platform.internal.NoJtaPlatform]
2566-05-16 04:07:18.671  INFO 1436 --- [restartedMain] j.LocalContainerEntityManagerFactoryBean : Initialized JPA EntityManagerFactory for persistence unit 'default'
2566-05-16 04:07:19.344  WARN 1436 --- [restartedMain] o.s.s.c.a.web.builders.WebSecurity       : You are asking Spring Security to ignore Ant [pattern='/h2-console/**']. This is not recommended -- please use permitAll via HttpSecurity#authorizeHttpRequests instead.
2566-05-16 04:07:19.345  INFO 1436 --- [restartedMain] o.s.s.web.DefaultSecurityFilterChain     : Will not secure Ant [pattern='/h2-console/**']
2566-05-16 04:07:19.413  INFO 1436 --- [restartedMain] o.s.s.web.DefaultSecurityFilterChain     : Will secure any request with [org.springframework.security.web.context.request.async.WebAsyncManagerIntegrationFilter@438f03f1, org.springframework.security.web.context.SecurityContextPersistenceFilter@458240be, org.springframework.security.web.header.HeaderWriterFilter@349d4bfb, org.springframework.security.web.authentication.logout.LogoutFilter@28c38f0c, org.springframework.security.oauth2.client.web.OAuth2AuthorizationRequestRedirectFilter@3ab868fa, org.springframework.security.oauth2.client.web.OAuth2LoginAuthenticationFilter@af9f00c, org.springframework.security.web.authentication.UsernamePasswordAuthenticationFilter@424928aa, org.springframework.security.web.savedrequest.RequestCacheAwareFilter@43f0f2f7, org.springframework.security.web.servletapi.SecurityContextHolderAwareRequestFilter@6340cc9f, org.springframework.security.web.authentication.AnonymousAuthenticationFilter@2bb49c2e, JAITUNGMA.product.config.filter.CorsFilter@4e4127d0, org.springframework.security.web.session.SessionManagementFilter@5f346d71, org.springframework.security.web.access.ExceptionTranslationFilter@7a55b4e9, org.springframework.security.web.access.intercept.FilterSecurityInterceptor@126d3013]
2566-05-16 04:07:19.785  INFO 1436 --- [restartedMain] o.s.b.d.a.OptionalLiveReloadServer       : LiveReload server is running on port 35729
2566-05-16 04:07:19.820  INFO 1436 --- [restartedMain] o.s.b.w.embedded.tomcat.TomcatWebServer  : Tomcat started on port(s): 8090 (http) with context path ''
2566-05-16 04:07:19.829  INFO 1436 --- [restartedMain] JAITUNGMA.product.ProductApplication     : Started ProductApplication in 4.827 seconds (JVM running for 5.855)
2566-05-16 04:07:25.187  INFO 1436 --- [SpringApplicationShutdownHook] j.LocalContainerEntityManagerFactoryBean : Closing JPA EntityManagerFactory for persistence unit 'default'
2566-05-16 04:07:25.395  WARN 1436 --- [SpringApplicationShutdownHook] o.s.b.f.support.DisposableBeanAdapter    : Invocation of destroy method failed on bean with name 'inMemoryDatabaseShutdownExecutor': org.h2.jdbc.JdbcSQLNonTransientConnectionException: Database is already closed (to disable automatic closing at VM shutdown, add ";DB_CLOSE_ON_EXIT=FALSE" to the db URL) [90121-200]
2566-05-16 04:07:25.423  INFO 1436 --- [SpringApplicationShutdownHook] com.zaxxer.hikari.HikariDataSource       : HikariPool-1 - Shutdown initiated...
2566-05-16 04:07:25.458  INFO 1436 --- [SpringApplicationShutdownHook] com.zaxxer.hikari.HikariDataSource       : HikariPool-1 - Shutdown completed.
2566-05-16 04:07:44.680  INFO 50748 --- [restartedMain] JAITUNGMA.product.ProductApplication     : Starting ProductApplication using Java 18.0.1.1 on DESKTOP-H0F3CHN with PID 50748 (C:\Users\MSI GL63 GAMING\Desktop\product\target\classes started by MSI GL63 GAMING in C:\Users\MSI GL63 GAMING\Desktop\product)
2566-05-16 04:07:44.681  INFO 50748 --- [restartedMain] JAITUNGMA.product.ProductApplication     : No active profile set, falling back to 1 default profile: "default"
2566-05-16 04:07:44.736  INFO 50748 --- [restartedMain] .e.DevToolsPropertyDefaultsPostProcessor : Devtools property defaults active! Set 'spring.devtools.add-properties' to 'false' to disable
2566-05-16 04:07:44.737  INFO 50748 --- [restartedMain] .e.DevToolsPropertyDefaultsPostProcessor : For additional web related logging consider setting the 'logging.level.web' property to 'DEBUG'
2566-05-16 04:07:45.421  INFO 50748 --- [restartedMain] .s.d.r.c.RepositoryConfigurationDelegate : Bootstrapping Spring Data JPA repositories in DEFAULT mode.
2566-05-16 04:07:45.468  INFO 50748 --- [restartedMain] .s.d.r.c.RepositoryConfigurationDelegate : Finished Spring Data repository scanning in 40 ms. Found 2 JPA repository interfaces.
2566-05-16 04:07:46.214  INFO 50748 --- [restartedMain] o.s.b.w.embedded.tomcat.TomcatWebServer  : Tomcat initialized with port(s): 8090 (http)
2566-05-16 04:07:46.222  INFO 50748 --- [restartedMain] o.apache.catalina.core.StandardService   : Starting service [Tomcat]
2566-05-16 04:07:46.223  INFO 50748 --- [restartedMain] org.apache.catalina.core.StandardEngine  : Starting Servlet engine: [Apache Tomcat/9.0.62]
2566-05-16 04:07:46.289  INFO 50748 --- [restartedMain] o.a.c.c.C.[Tomcat].[localhost].[/]       : Initializing Spring embedded WebApplicationContext
2566-05-16 04:07:46.290  INFO 50748 --- [restartedMain] w.s.c.ServletWebServerApplicationContext : Root WebApplicationContext: initialization completed in 1553 ms
2566-05-16 04:07:46.320  INFO 50748 --- [restartedMain] com.zaxxer.hikari.HikariDataSource       : HikariPool-1 - Starting...
2566-05-16 04:07:46.473  INFO 50748 --- [restartedMain] com.zaxxer.hikari.HikariDataSource       : HikariPool-1 - Start completed.
2566-05-16 04:07:46.483  INFO 50748 --- [restartedMain] o.s.b.a.h2.H2ConsoleAutoConfiguration    : H2 console available at '/h2-console'. Database available at 'jdbc:h2:mem:product'
2566-05-16 04:07:46.590  WARN 50748 --- [restartedMain] JpaBaseConfiguration$JpaWebConfiguration : spring.jpa.open-in-view is enabled by default. Therefore, database queries may be performed during view rendering. Explicitly configure spring.jpa.open-in-view to disable this warning
2566-05-16 04:07:46.661  INFO 50748 --- [restartedMain] o.hibernate.jpa.internal.util.LogHelper  : HHH000204: Processing PersistenceUnitInfo [name: default]
2566-05-16 04:07:46.720  INFO 50748 --- [restartedMain] org.hibernate.Version                    : HHH000412: Hibernate ORM core version 5.6.8.Final
2566-05-16 04:07:46.858  INFO 50748 --- [restartedMain] o.hibernate.annotations.common.Version   : HCANN000001: Hibernate Commons Annotations {5.1.2.Final}
2566-05-16 04:07:46.956  INFO 50748 --- [restartedMain] org.hibernate.dialect.Dialect            : HHH000400: Using dialect: org.hibernate.dialect.H2Dialect
2566-05-16 04:07:47.561  INFO 50748 --- [restartedMain] o.h.e.t.j.p.i.JtaPlatformInitiator       : HHH000490: Using JtaPlatform implementation: [org.hibernate.engine.transaction.jta.platform.internal.NoJtaPlatform]
2566-05-16 04:07:47.568  INFO 50748 --- [restartedMain] j.LocalContainerEntityManagerFactoryBean : Initialized JPA EntityManagerFactory for persistence unit 'default'
2566-05-16 04:07:48.204  WARN 50748 --- [restartedMain] o.s.s.c.a.web.builders.WebSecurity       : You are asking Spring Security to ignore Ant [pattern='/h2-console/**']. This is not recommended -- please use permitAll via HttpSecurity#authorizeHttpRequests instead.
2566-05-16 04:07:48.205  INFO 50748 --- [restartedMain] o.s.s.web.DefaultSecurityFilterChain     : Will not secure Ant [pattern='/h2-console/**']
2566-05-16 04:07:48.255  INFO 50748 --- [restartedMain] o.s.s.web.DefaultSecurityFilterChain     : Will secure any request with [org.springframework.security.web.context.request.async.WebAsyncManagerIntegrationFilter@25a4a4b1, org.springframework.security.web.context.SecurityContextPersistenceFilter@6e7a195b, org.springframework.security.web.header.HeaderWriterFilter@62db2af8, org.springframework.security.web.authentication.logout.LogoutFilter@4a573df4, org.springframework.security.oauth2.client.web.OAuth2AuthorizationRequestRedirectFilter@2d91fbce, org.springframework.security.oauth2.client.web.OAuth2LoginAuthenticationFilter@b733ad5, org.springframework.security.web.authentication.UsernamePasswordAuthenticationFilter@7ecde8be, org.springframework.security.web.savedrequest.RequestCacheAwareFilter@6785c674, org.springframework.security.web.servletapi.SecurityContextHolderAwareRequestFilter@652c6302, org.springframework.security.web.authentication.AnonymousAuthenticationFilter@79dd43c6, JAITUNGMA.product.config.filter.CorsFilter@2ffdfc81, org.springframework.security.web.session.SessionManagementFilter@6d5d70f0, org.springframework.security.web.access.ExceptionTranslationFilter@22ca0211, org.springframework.security.web.access.intercept.FilterSecurityInterceptor@7d248184]
2566-05-16 04:07:48.590  INFO 50748 --- [restartedMain] o.s.b.d.a.OptionalLiveReloadServer       : LiveReload server is running on port 35729
2566-05-16 04:07:48.634  INFO 50748 --- [restartedMain] o.s.b.w.embedded.tomcat.TomcatWebServer  : Tomcat started on port(s): 8090 (http) with context path ''
2566-05-16 04:07:48.653  INFO 50748 --- [restartedMain] JAITUNGMA.product.ProductApplication     : Started ProductApplication in 4.392 seconds (JVM running for 5.368)
2566-05-16 04:08:04.758  INFO 50748 --- [http-nio-8090-exec-1] o.a.c.c.C.[Tomcat].[localhost].[/]       : Initializing Spring DispatcherServlet 'dispatcherServlet'
2566-05-16 04:08:04.758  INFO 50748 --- [http-nio-8090-exec-1] o.s.web.servlet.DispatcherServlet        : Initializing Servlet 'dispatcherServlet'
2566-05-16 04:08:04.759  INFO 50748 --- [http-nio-8090-exec-1] o.s.web.servlet.DispatcherServlet        : Completed initialization in 1 ms
2566-05-16 04:54:47.452  INFO 50748 --- [http-nio-8090-exec-3] J.p.service.ValidateCaptchaService       : Going to validate the captcha response = 03AL8dmw_VYuhjzbXlVd2IsoQNghvr4_euX1Se2tyYfsna2hGGDeu0MVFGyaBdYWFMaphHBSNkNGXHJas0edquUvZqxjUBjqcszcCxep0Mi5eEypnSubFC4egL5xiYwcRb8HWI1XeI3BK4r_tYikDAvx-wP6ntdZfefoLLe1_Hf5_9XHlJXl__f_4_btRdodyeMvEmMY_UJT39RxVo0k6mmJcprMBr7rK8DDapJTA2Twtp1p0hQW-aHciKMIdLOEefff__S47Wc8P-OewWHqf8aY8tJi7Gb01VMUSLmtWIbXzi9XA3rkRElN5UkCnH42-UF-76Wyl1Asuj-ky1O6O_pza3r224Y55ksN4KXCV3v8zWeYu9Bgzc3NnXAz7h9paUKtl8Gd6r-o-708fkd2cMjfM_NUKUXAVzW4BtlQ5fwv5MSOs0912zei6_rzbpTJGt57wnuu8BL4E2TLSg6N__oV_XjlmvcRPPUVhScFJO-W__R2dPKBncKFvKn7jCjLhXakOhzHeacjglN68Epzlr1MIgQn45Br7QS_M7u8ER5L8mza2FAidvGiiv9rLMEVXsJgzU5u1h9U7J4ajhN6pwfuRvBSA6DDXJHA
2566-05-16 04:54:47.896  INFO 50748 --- [http-nio-8090-exec-3] J.p.service.ValidateCaptchaService       : Captcha API response = CaptchaResponse(success=true, challengeTs=2023-05-15T21:54:21, hostname=localhost, errorCodes=null)
2566-05-16 04:55:22.361  INFO 50748 --- [http-nio-8090-exec-5] J.product.service.UserDetailsServiceImp  : toey10112 has successfully logged in at 2023-05-15T21:55:22.361258100Z
2566-05-16 04:58:15.075  INFO 50748 --- [http-nio-8090-exec-4] J.p.service.ValidateCaptchaService       : Going to validate the captcha response = 03AL8dmw-QmgGS99AHGVrEy1t7ILTG_KUALTNl1ieydJ1FvrXe9IA0IXwgK2w9G2RN5tcqR0ETEhj6MoT-VpNQPdls_zXnMrrn1jUWU4JMt7Zg1LMaWTuKbeHwFF8nr5LwE7GQjuREPTnz_bOP7xJHz9Or88uyFddoSCJaYYIap4OGxnkFQq012vEVX1woxKiuj__3SX4e8UN7uCIk9Z5i9g42kVvjCHmPtyz5N6Wn6fEqDt8lKE1eeCzocC88OVe_WnRBBuNQZcWnS2b9PJVi17svrDZLzYawupfvehI2ekgUodHFR3DQQZQ1kIZJGIUw4Pn-qOV7-BkQQ1Zu3Wm2oZ36vCkoO-ZSjcG5Xx7Yz--ghVRt4daGvwy0Nw_AVR46WcXz_pTX5uvn-h6zUryeEUTBsYm5mhgLosYeOgj6WAr4w9YjDxj1UZNevRudlDoB9vO8q2834ecRrceQ2MvLxMqph_fk3EEsTei0gBV5yoIg_3yWUNiDildS1QU1yhysQ2GfyDahVBGEoq8Qhy2NV9lndeCRr7eWmsJyh2d1rj21_qaUMsiToURWuos8VYR9aBJcy-na7sr8FgBI660wymRuIhIvGHOMqw
2566-05-16 04:58:15.195  INFO 50748 --- [http-nio-8090-exec-4] J.p.service.ValidateCaptchaService       : Captcha API response = CaptchaResponse(success=true, challengeTs=2023-05-15T21:55:35, hostname=localhost, errorCodes=null)
2566-05-16 05:01:36.437  INFO 50748 --- [http-nio-8090-exec-5] J.p.service.ValidateCaptchaService       : Going to validate the captcha response = 03AL8dmw8Ayn0XVA6SyNv0DasWDpUbgKOYxGZZz6meUc-3S_winQ80NvVbmjviW3Uc7pUSxn1pDkyRzlJ7WgM90P7mO0qmhrXxdD7HfEPosT4yXo3s25WHLPo6x0QWd0X1PbZV0TniaWowpcn_0hwOz8dDvfwsnw831-VNk-MVneTH-R1t9l_81fl25L_lL1LFVIsRNhv8NHyCOr_Ix1YOdMHWWQKaIlXf0eS5xoD7F73dFDKjwT8eiyrRrVifm2JHlWYULHJEuMPnnqLhwJv8Xpt4ztSbSkMjNVtVq12wf7UIY5P8dtxEeKiy5Q4R7rcAoqqICd9Jt8GyyIVefzSR3mi-IsiS3G-11N8PwRuO7MpG3uBQKnk6FJoYKVZzPn8noP2ZyCx0X6r8dHlW8xiGDGr1HPkBTLdasvfVl35nXooFtPyrjsUEU6B838QDZ0vZOn8KlLtSuQz4zh5cemavQi0K69lmRpy4epZERM4FutBr6s3VdPHWegkzRMdbhhS69Dh54J1sEVJNhpB4ZcQ8vYBNBMvs9JkmyfmXt1DhrJuQ9SZjlit7tQAg5TiD1VoCJbh92pJnBmmYe_19hyDuFyADMn1ZnftX1Q
2566-05-16 05:01:36.549  INFO 50748 --- [http-nio-8090-exec-5] J.p.service.ValidateCaptchaService       : Captcha API response = CaptchaResponse(success=true, challengeTs=2023-05-15T22:01:29, hostname=localhost, errorCodes=null)
